2002.04.03 16:19 B C:\P\Archive\Compilers\DecusC\2.19\005004\AS.MAP <-- update /pub/pdp11/rsx/lang/decusc/2.19/005004 AS.MAP
2002.04.03 16:19 B C:\P\Archive\Compilers\DecusC\2.19\005004\AS.TSK <-- update /pub/pdp11/rsx/lang/decusc/2.19/005004 AS.TSK
2002.04.03 16:19 B C:\P\Archive\Compilers\DecusC\2.19\005004\AS0.MAC <-- update /pub/pdp11/rsx/lang/decusc/2.19/005004 AS0.MAC
2002.04.03 16:19 B C:\P\Archive\Compilers\DecusC\2.19\005004\AS1.MAC <-- update /pub/pdp11/rsx/lang/decusc/2.19/005004 AS1.MAC
2002.04.03 16:19 B C:\P\Archive\Compilers\DecusC\2.19\005004\AS2.MAC <-- update /pub/pdp11/rsx/lang/decusc/2.19/005004 AS2.MAC
2002.04.03 16:19 B C:\P\Archive\Compilers\DecusC\2.19\005004\AS3A.MAC <-- update /pub/pdp11/rsx/lang/decusc/2.19/005004 AS3A.MAC
2002.04.03 16:20 B C:\P\Archive\Compilers\DecusC\2.19\005004\AS3B.MAC <-- update /pub/pdp11/rsx/lang/decusc/2.19/005004 AS3B.MAC
2002.04.03 16:20 B C:\P\Archive\Compilers\DecusC\2.19\005004\AS3C.MAC <-- update /pub/pdp11/rsx/lang/decusc/2.19/005004 AS3C.MAC
2002.04.03 16:20 B C:\P\Archive\Compilers\DecusC\2.19\005004\AS3D.MAC <-- update /pub/pdp11/rsx/lang/decusc/2.19/005004 AS3D.MAC
2002.04.03 16:20 B C:\P\Archive\Compilers\DecusC\2.19\005004\AS3E.MAC <-- update /pub/pdp11/rsx/lang/decusc/2.19/005004 AS3E.MAC
2002.04.03 16:20 B C:\P\Archive\Compilers\DecusC\2.19\005004\AS3F.MAC <-- update /pub/pdp11/rsx/lang/decusc/2.19/005004 AS3F.MAC
2002.04.03 16:20 B C:\P\Archive\Compilers\DecusC\2.19\005004\AS3G.MAC <-- update /pub/pdp11/rsx/lang/decusc/2.19/005004 AS3G.MAC
2002.04.03 16:20 B C:\P\Archive\Compilers\DecusC\2.19\005004\AS3H.MAC <-- update /pub/pdp11/rsx/lang/decusc/2.19/005004 AS3H.MAC
2002.04.03 16:20 B C:\P\Archive\Compilers\DecusC\2.19\005004\ASLINK.COM <-- update /pub/pdp11/rsx/lang/decusc/2.19/005004 ASLINK.COM
2002.04.03 16:20 B C:\P\Archive\Compilers\DecusC\2.19\005004\ASLIST.COM <-- update /pub/pdp11/rsx/lang/decusc/2.19/005004 ASLIST.COM
2002.04.03 16:20 B C:\P\Archive\Compilers\DecusC\2.19\005004\BAD.C <-- update /pub/pdp11/rsx/lang/decusc/2.19/005004 BAD.C
2002.04.03 16:20 B C:\P\Archive\Compilers\DecusC\2.19\005004\CC.MAP <-- update /pub/pdp11/rsx/lang/decusc/2.19/005004 CC.MAP
2002.04.03 16:21 B C:\P\Archive\Compilers\DecusC\2.19\005004\CC.TSK <-- update /pub/pdp11/rsx/lang/decusc/2.19/005004 CC.TSK
2002.04.03 16:21 B C:\P\Archive\Compilers\DecusC\2.19\005004\CC000.MAC <-- update /pub/pdp11/rsx/lang/decusc/2.19/005004 CC000.MAC
2002.04.03 16:21 B C:\P\Archive\Compilers\DecusC\2.19\005004\CC000.OLD <-- update /pub/pdp11/rsx/lang/decusc/2.19/005004 CC000.OLD
2002.04.03 16:21 B C:\P\Archive\Compilers\DecusC\2.19\005004\CC001.MAC <-- update /pub/pdp11/rsx/lang/decusc/2.19/005004 CC001.MAC
2002.04.03 16:21 B C:\P\Archive\Compilers\DecusC\2.19\005004\CC002.MAC <-- update /pub/pdp11/rsx/lang/decusc/2.19/005004 CC002.MAC
2002.04.03 16:21 B C:\P\Archive\Compilers\DecusC\2.19\005004\CC0GB.MAC <-- update /pub/pdp11/rsx/lang/decusc/2.19/005004 CC0GB.MAC
2002.04.03 16:21 B C:\P\Archive\Compilers\DecusC\2.19\005004\CC0HD.MAC <-- update /pub/pdp11/rsx/lang/decusc/2.19/005004 CC0HD.MAC
2002.04.03 16:22 B C:\P\Archive\Compilers\DecusC\2.19\005004\CC0RT.MAC <-- update /pub/pdp11/rsx/lang/decusc/2.19/005004 CC0RT.MAC
2002.04.03 16:22 B C:\P\Archive\Compilers\DecusC\2.19\005004\CC100.MAC <-- update /pub/pdp11/rsx/lang/decusc/2.19/005004 CC100.MAC
2002.04.03 16:22 B C:\P\Archive\Compilers\DecusC\2.19\005004\CC101.MAC <-- update /pub/pdp11/rsx/lang/decusc/2.19/005004 CC101.MAC
2002.04.03 16:22 B C:\P\Archive\Compilers\DecusC\2.19\005004\CC102.MAC <-- update /pub/pdp11/rsx/lang/decusc/2.19/005004 CC102.MAC
2002.04.03 16:22 B C:\P\Archive\Compilers\DecusC\2.19\005004\CC103.COM <-- update /pub/pdp11/rsx/lang/decusc/2.19/005004 CC103.COM
2002.04.03 16:22 B C:\P\Archive\Compilers\DecusC\2.19\005004\CC103.MAC <-- update /pub/pdp11/rsx/lang/decusc/2.19/005004 CC103.MAC
2002.04.03 16:23 B C:\P\Archive\Compilers\DecusC\2.19\005004\CC104.MAC <-- update /pub/pdp11/rsx/lang/decusc/2.19/005004 CC104.MAC
2002.04.03 16:23 B C:\P\Archive\Compilers\DecusC\2.19\005004\CC105.MAC <-- update /pub/pdp11/rsx/lang/decusc/2.19/005004 CC105.MAC
2002.04.03 16:23 B C:\P\Archive\Compilers\DecusC\2.19\005004\CC1GB.MAC <-- update /pub/pdp11/rsx/lang/decusc/2.19/005004 CC1GB.MAC
2002.04.03 16:23 B C:\P\Archive\Compilers\DecusC\2.19\005004\CC200.MAC <-- update /pub/pdp11/rsx/lang/decusc/2.19/005004 CC200.MAC
2002.04.03 16:23 B C:\P\Archive\Compilers\DecusC\2.19\005004\CC201.MAC <-- update /pub/pdp11/rsx/lang/decusc/2.19/005004 CC201.MAC
2002.04.03 16:23 B C:\P\Archive\Compilers\DecusC\2.19\005004\CC202.MAC <-- update /pub/pdp11/rsx/lang/decusc/2.19/005004 CC202.MAC
2002.04.03 16:23 B C:\P\Archive\Compilers\DecusC\2.19\005004\CC202A.MAC <-- update /pub/pdp11/rsx/lang/decusc/2.19/005004 CC202A.MAC
2002.04.03 16:23 B C:\P\Archive\Compilers\DecusC\2.19\005004\CC203.MAC <-- update /pub/pdp11/rsx/lang/decusc/2.19/005004 CC203.MAC
2002.04.03 16:24 B C:\P\Archive\Compilers\DecusC\2.19\005004\CC204.MAC <-- update /pub/pdp11/rsx/lang/decusc/2.19/005004 CC204.MAC
2002.04.03 16:24 B C:\P\Archive\Compilers\DecusC\2.19\005004\CC205.MAC <-- update /pub/pdp11/rsx/lang/decusc/2.19/005004 CC205.MAC
2002.04.03 16:24 B C:\P\Archive\Compilers\DecusC\2.19\005004\CC206.MAC <-- update /pub/pdp11/rsx/lang/decusc/2.19/005004 CC206.MAC
2002.04.03 16:24 B C:\P\Archive\Compilers\DecusC\2.19\005004\CC207.MAC <-- update /pub/pdp11/rsx/lang/decusc/2.19/005004 CC207.MAC
2002.04.03 16:24 B C:\P\Archive\Compilers\DecusC\2.19\005004\CC2GB.MAC <-- update /pub/pdp11/rsx/lang/decusc/2.19/005004 CC2GB.MAC
2002.04.03 16:24 B C:\P\Archive\Compilers\DecusC\2.19\005004\CC300.MAC <-- update /pub/pdp11/rsx/lang/decusc/2.19/005004 CC300.MAC
2002.04.03 16:24 B C:\P\Archive\Compilers\DecusC\2.19\005004\CNOMAP.TKB <-- update /pub/pdp11/rsx/lang/decusc/2.19/005004 CNOMAP.TKB
2002.04.03 16:24 B C:\P\Archive\Compilers\DecusC\2.19\005004\CSYN.C <-- update /pub/pdp11/rsx/lang/decusc/2.19/005004 CSYN.C
2002.04.03 16:24 B C:\P\Archive\Compilers\DecusC\2.19\005004\DECUSC.FIX <-- update /pub/pdp11/rsx/lang/decusc/2.19/005004 DECUSC.FIX
2002.04.03 16:24 B C:\P\Archive\Compilers\DecusC\2.19\005004\GOOD.CPP <-- update /pub/pdp11/rsx/lang/decusc/2.19/005004 GOOD.CPP
2002.04.03 16:25 B C:\P\Archive\Compilers\DecusC\2.19\005004\LALLOC.MAC <-- update /pub/pdp11/rsx/lang/decusc/2.19/005004 LALLOC.MAC
2002.04.03 16:25 B C:\P\Archive\Compilers\DecusC\2.19\005004\LASCR5.MAC <-- update /pub/pdp11/rsx/lang/decusc/2.19/005004 LASCR5.MAC
2002.04.03 16:25 B C:\P\Archive\Compilers\DecusC\2.19\005004\LC5TOA.MAC <-- update /pub/pdp11/rsx/lang/decusc/2.19/005004 LC5TOA.MAC
2002.04.03 16:25 B C:\P\Archive\Compilers\DecusC\2.19\005004\LDATE.MAC <-- update /pub/pdp11/rsx/lang/decusc/2.19/005004 LDATE.MAC
2002.04.03 16:25 B C:\P\Archive\Compilers\DecusC\2.19\005004\LEISBX.MAC <-- update /pub/pdp11/rsx/lang/decusc/2.19/005004 LEISBX.MAC
2002.04.03 16:25 B C:\P\Archive\Compilers\DecusC\2.19\005004\LFDBTA.MAC <-- update /pub/pdp11/rsx/lang/decusc/2.19/005004 LFDBTA.MAC
2002.04.03 16:25 B C:\P\Archive\Compilers\DecusC\2.19\005004\LFLUSH.MAC <-- update /pub/pdp11/rsx/lang/decusc/2.19/005004 LFLUSH.MAC
2002.04.03 16:25 B C:\P\Archive\Compilers\DecusC\2.19\005004\LGETC0.MAC <-- update /pub/pdp11/rsx/lang/decusc/2.19/005004 LGETC0.MAC
2002.04.03 16:25 B C:\P\Archive\Compilers\DecusC\2.19\005004\LINK.COM <-- update /pub/pdp11/rsx/lang/decusc/2.19/005004 LINK.COM
2002.04.03 16:25 B C:\P\Archive\Compilers\DecusC\2.19\005004\LITOC.MAC <-- update /pub/pdp11/rsx/lang/decusc/2.19/005004 LITOC.MAC
2002.04.03 16:25 B C:\P\Archive\Compilers\DecusC\2.19\005004\LMEMDP.MAC <-- update /pub/pdp11/rsx/lang/decusc/2.19/005004 LMEMDP.MAC
2002.04.03 16:25 B C:\P\Archive\Compilers\DecusC\2.19\005004\LPUTBN.MAC <-- update /pub/pdp11/rsx/lang/decusc/2.19/005004 LPUTBN.MAC
2002.04.03 16:25 B C:\P\Archive\Compilers\DecusC\2.19\005004\LPUTC0.MAC <-- update /pub/pdp11/rsx/lang/decusc/2.19/005004 LPUTC0.MAC
2002.04.03 16:25 B C:\P\Archive\Compilers\DecusC\2.19\005004\LPUTXT.MAC <-- update /pub/pdp11/rsx/lang/decusc/2.19/005004 LPUTXT.MAC
2002.04.03 16:25 B C:\P\Archive\Compilers\DecusC\2.19\005004\LRDLIN.MAC <-- update /pub/pdp11/rsx/lang/decusc/2.19/005004 LRDLIN.MAC
2002.04.03 16:25 B C:\P\Archive\Compilers\DecusC\2.19\005004\LREWND.MAC <-- update /pub/pdp11/rsx/lang/decusc/2.19/005004 LREWND.MAC
2002.04.03 16:25 B C:\P\Archive\Compilers\DecusC\2.19\005004\LSAVRG.MAC <-- update /pub/pdp11/rsx/lang/decusc/2.19/005004 LSAVRG.MAC
2002.04.03 16:25 B C:\P\Archive\Compilers\DecusC\2.19\005004\MMAKAS.CMD <-- update /pub/pdp11/rsx/lang/decusc/2.19/005004 MMAKAS.CMD
2002.04.03 16:25 B C:\P\Archive\Compilers\DecusC\2.19\005004\MMAKCC.CMD <-- update /pub/pdp11/rsx/lang/decusc/2.19/005004 MMAKCC.CMD
2002.04.03 16:25 B C:\P\Archive\Compilers\DecusC\2.19\005004\OPT.C <-- update /pub/pdp11/rsx/lang/decusc/2.19/005004 OPT.C
2002.04.03 16:25 B C:\P\Archive\Compilers\DecusC\2.19\005004\PCCBLD.ODL <-- update /pub/pdp11/rsx/lang/decusc/2.19/005004 PCCBLD.ODL
2002.04.03 16:25 B C:\P\Archive\Compilers\DecusC\2.19\005004\PCCBLD.TKB <-- update /pub/pdp11/rsx/lang/decusc/2.19/005004 PCCBLD.TKB
2002.04.03 16:26 B C:\P\Archive\Compilers\DecusC\2.19\005004\PROFIL.OUT <-- update /pub/pdp11/rsx/lang/decusc/2.19/005004 PROFIL.OUT
2002.04.03 16:26 B C:\P\Archive\Compilers\DecusC\2.19\005004\RCCBLD.CMD <-- update /pub/pdp11/rsx/lang/decusc/2.19/005004 RCCBLD.CMD
2002.04.03 16:26 B C:\P\Archive\Compilers\DecusC\2.19\005004\RCOMLB.CMD <-- update /pub/pdp11/rsx/lang/decusc/2.19/005004 RCOMLB.CMD
2002.04.03 16:26 B C:\P\Archive\Compilers\DecusC\2.19\005004\README.503 <-- update /pub/pdp11/rsx/lang/decusc/2.19/005004 README.503
2002.04.03 16:26 B C:\P\Archive\Compilers\DecusC\2.19\005004\README.DOC <-- update /pub/pdp11/rsx/lang/decusc/2.19/005004 README.DOC
2002.04.03 16:26 B C:\P\Archive\Compilers\DecusC\2.19\005004\README.RNO <-- update /pub/pdp11/rsx/lang/decusc/2.19/005004 README.RNO
2002.04.03 16:26 B C:\P\Archive\Compilers\DecusC\2.19\005004\RMAKAS.CMD <-- update /pub/pdp11/rsx/lang/decusc/2.19/005004 RMAKAS.CMD
2002.04.03 16:26 B C:\P\Archive\Compilers\DecusC\2.19\005004\RMAKCC.CMD <-- update /pub/pdp11/rsx/lang/decusc/2.19/005004 RMAKCC.CMD
2002.04.03 16:26 B C:\P\Archive\Compilers\DecusC\2.19\005004\RSX.MAC <-- update /pub/pdp11/rsx/lang/decusc/2.19/005004 RSX.MAC
2002.04.03 16:26 B C:\P\Archive\Compilers\DecusC\2.19\005004\RSXPRM.MAC <-- update /pub/pdp11/rsx/lang/decusc/2.19/005004 RSXPRM.MAC
2002.04.03 16:26 B C:\P\Archive\Compilers\DecusC\2.19\005004\RT11.MAC <-- update /pub/pdp11/rsx/lang/decusc/2.19/005004 RT11.MAC
2002.04.03 16:26 B C:\P\Archive\Compilers\DecusC\2.19\005004\SYSINC.C <-- update /pub/pdp11/rsx/lang/decusc/2.19/005004 SYSINC.C
2002.04.03 16:26 B C:\P\Archive\Compilers\DecusC\2.19\005004\SYSINC.EXE <-- update /pub/pdp11/rsx/lang/decusc/2.19/005004 SYSINC.EXE
2002.04.03 16:26 B C:\P\Archive\Compilers\DecusC\2.19\005004\TASBLD.COM <-- update /pub/pdp11/rsx/lang/decusc/2.19/005004 TASBLD.COM
2002.04.03 16:26 B C:\P\Archive\Compilers\DecusC\2.19\005004\TCCBLD.COM <-- update /pub/pdp11/rsx/lang/decusc/2.19/005004 TCCBLD.COM
2002.04.03 16:26 B C:\P\Archive\Compilers\DecusC\2.19\005004\TCCVJ.COM <-- update /pub/pdp11/rsx/lang/decusc/2.19/005004 TCCVJ.COM
2002.04.03 16:26 B C:\P\Archive\Compilers\DecusC\2.19\005004\TCOMLB.COM <-- update /pub/pdp11/rsx/lang/decusc/2.19/005004 TCOMLB.COM
2002.04.03 16:26 B C:\P\Archive\Compilers\DecusC\2.19\005004\TKBMAP.COM <-- update /pub/pdp11/rsx/lang/decusc/2.19/005004 TKBMAP.COM
2002.04.03 16:26 B C:\P\Archive\Compilers\DecusC\2.19\005004\TMAKAS.COM <-- update /pub/pdp11/rsx/lang/decusc/2.19/005004 TMAKAS.COM
2002.04.03 16:26 B C:\P\Archive\Compilers\DecusC\2.19\005004\TMAKCC.COM <-- update /pub/pdp11/rsx/lang/decusc/2.19/005004 TMAKCC.COM
2002.04.03 16:26 B C:\P\Archive\Compilers\DecusC\2.19\005004\VASNOD.COM <-- update /pub/pdp11/rsx/lang/decusc/2.19/005004 VASNOD.COM
2002.04.03 16:26 B C:\P\Archive\Compilers\DecusC\2.19\005004\VCCNOD.COM <-- update /pub/pdp11/rsx/lang/decusc/2.19/005004 VCCNOD.COM
2002.04.03 16:26 B C:\P\Archive\Compilers\DecusC\2.19\005004\VLIST.COM <-- update /pub/pdp11/rsx/lang/decusc/2.19/005004 VLIST.COM
2002.04.03 16:26 B C:\P\Archive\Compilers\DecusC\2.19\005004\VMAKAS.COM <-- update /pub/pdp11/rsx/lang/decusc/2.19/005004 VMAKAS.COM
2002.04.03 16:27 B C:\P\Archive\Compilers\DecusC\2.19\005004\VMAKCC.COM <-- update /pub/pdp11/rsx/lang/decusc/2.19/005004 VMAKCC.COM
2002.04.03 16:27 B C:\P\Archive\Compilers\DecusC\2.19\005004\VTEST.COM <-- update /pub/pdp11/rsx/lang/decusc/2.19/005004 VTEST.COM
2002.04.03 16:27 B C:\P\Archive\Compilers\DecusC\2.19\005004\XASBLD.ODL <-- update /pub/pdp11/rsx/lang/decusc/2.19/005004 XASBLD.ODL
2002.04.03 16:27 B C:\P\Archive\Compilers\DecusC\2.19\005004\XASBLD.TKB <-- update /pub/pdp11/rsx/lang/decusc/2.19/005004 XASBLD.TKB
2002.04.03 16:27 B C:\P\Archive\Compilers\DecusC\2.19\005004\XASMAS.CMD <-- update /pub/pdp11/rsx/lang/decusc/2.19/005004 XASMAS.CMD
2002.04.03 16:27 B C:\P\Archive\Compilers\DecusC\2.19\005004\XASMCC.CMD <-- update /pub/pdp11/rsx/lang/decusc/2.19/005004 XASMCC.CMD
2002.04.03 16:27 B C:\P\Archive\Compilers\DecusC\2.19\005004\XASMLB.CMD <-- update /pub/pdp11/rsx/lang/decusc/2.19/005004 XASMLB.CMD
2002.04.03 16:27 B C:\P\Archive\Compilers\DecusC\2.19\005004\XCC.CMD <-- update /pub/pdp11/rsx/lang/decusc/2.19/005004 XCC.CMD
2002.04.03 16:27 B C:\P\Archive\Compilers\DecusC\2.19\005004\XCCBLD.CMD <-- update /pub/pdp11/rsx/lang/decusc/2.19/005004 XCCBLD.CMD
2002.04.03 16:27 B C:\P\Archive\Compilers\DecusC\2.19\005004\XCCBLD.ODL <-- update /pub/pdp11/rsx/lang/decusc/2.19/005004 XCCBLD.ODL
2002.04.03 16:27 B C:\P\Archive\Compilers\DecusC\2.19\005004\XCCBLD.TKB <-- update /pub/pdp11/rsx/lang/decusc/2.19/005004 XCCBLD.TKB
2002.04.03 16:27 B C:\P\Archive\Compilers\DecusC\2.19\005004\XCOMLB.OLB <-- update /pub/pdp11/rsx/lang/decusc/2.19/005004 XCOMLB.OLB
2002.04.03 16:27 B C:\P\Archive\Compilers\DecusC\2.19\005004\XCOMLB.TMP <-- update /pub/pdp11/rsx/lang/decusc/2.19/005004 XCOMLB.TMP
2002.04.03 16:27 B C:\P\Archive\Compilers\DecusC\2.19\005004\XMAKAS.CMD <-- update /pub/pdp11/rsx/lang/decusc/2.19/005004 XMAKAS.CMD
2002.04.03 16:27 B C:\P\Archive\Compilers\DecusC\2.19\005004\XMAKCC.CMD <-- update /pub/pdp11/rsx/lang/decusc/2.19/005004 XMAKCC.CMD
